app/build/outputs/mapping/release/seeds.txt
com.google.android.material.internal.NavigationMenuItemView: void setCheckable(boolean)
androidx.appcompat.widget.AppCompatCheckBox: void setSupportButtonTintMode(android.graphics.PorterDuff$Mode)
androidx.appcompat.app.AppCompatViewInflater: void checkOnClickListener(android.view.View,android.util.AttributeSet)
com.google.android.material.floatingactionbutton.FloatingActionButton: void setBackgroundColor(int)
androidx.recyclerview.widget.RecyclerView: boolean dispatchNestedPreScroll(int,int,int[],int[],int)
androidx.recyclerview.widget.RecyclerView: androidx.recyclerview.widget.RecyclerView$OnFlingListener getOnFlingListener()
androidx.recyclerview.widget.RecyclerView: void assertNotInLayoutOrScroll(java.lang.String)
androidx.appcompat.widget.AppCompatMultiAutoCompleteTextView: void setSupportBackgroundTintMode(android.graphics.PorterDuff$Mode)
androidx.recyclerview.widget.RecyclerView: int TOUCH_SLOP_PAGING
com.google.android.material.chip.Chip: void setChipIconSize(float)
androidx.recyclerview.widget.RecyclerView: void addAnimatingView(androidx.recyclerview.widget.RecyclerView$ViewHolder)
androidx.appcompat.widget.AppCompatCheckedTextView: void setCheckMarkDrawable(int)
androidx.recyclerview.widget.RecyclerView: void setClipToPadding(boolean)
androidx.recyclerview.widget.RecyclerView: boolean isAttachedToWindow()
androidx.cardview.widget.CardView: void setCardBackgroundColor(int)
androidx.appcompat.widget.LinearLayoutCompat: int getBaseline()
androidx.appcompat.widget.ActionBarContextView: void setSubtitle(java.lang.CharSequence)
com.google.android.material.textfield.TextInputLayout: void setHelperTextTextAppearance(int)
com.google.android.material.textfield.TextInputLayout: float getBoxCornerRadiusTopStart()
androidx.recyclerview.widget.RecyclerView: int TOUCH_SLOP_DEFAULT
com.google.android.material.button.MaterialButton: int getIconGravity()
com.google.android.material.chip.Chip: void setCloseIconVisible(boolean)
com.google.android.material.textfield.TextInputLayout: void setError(java.lang.CharSequence)
com.google.android.material.chip.Chip: void setChipStartPaddingResource(int)
androidx.recyclerview.widget.RecyclerView: boolean hasPendingAdapterUpdates()
com.google.android.material.snackbar.BaseTransientBottomBar$SnackbarBaseLayout: void setOnLayoutChangeListener(com.google.android.material.snackbar.BaseTransientBottomBar$OnLayoutChangeListener)
com.google.android.material.appbar.AppBarLayout$Behavior
androidx.appcompat.view.menu.ActionMenuItemView
androidx.recyclerview.widget.RecyclerView: void saveFocusInfo()
androidx.appcompat.app.AppCompatViewInflater: int[] sOnClickAttrs
androidx.appcompat.widget.Toolbar: android.view.MenuInflater getMenuInflater()
androidx.core.widget.NestedScrollView
com.google.android.material.button.MaterialButton: android.content.res.ColorStateList getStrokeColor()
com.google.android.material.textfield.TextInputLayout: void setEndIconDrawable(android.graphics.drawable.Drawable)
androidx.activity.ImmLeaksCleaner
androidx.appcompat.widget.ActionBarOverlayLayout: int getActionBarHideOffset()
com.google.android.material.floatingactionbutton.FloatingActionButton: void setImageDrawable(android.graphics.drawable.Drawable)
androidx.appcompat.widget.DropDownListView: void setListSelectionHidden(boolean)
com.google.android.material.textfield.TextInputLayout: com.google.android.material.internal.CheckableImageButton getEndIconView()
androidx.recyclerview.widget.RecyclerView: void setPreserveFocusAfterLayout(boolean)
com.google.android.material.textfield.TextInputLayout: void setEndIconVisible(boolean)
androidx.recyclerview.widget.RecyclerView: int[] mNestedOffsets
androidx.appcompat.widget.Toolbar: int getPopupTheme()
com.google.android.material.appbar.AppBarLayout: int getLiftOnScrollTargetViewId()
androidx.recyclerview.widget.RecyclerView: void resetScroll()
androidx.recyclerview.widget.RecyclerView: void defaultOnMeasure(int,int)
com.google.android.material.radiobutton.MaterialRadioButton