app/build/outputs/mapping/release/mapping.txt
# compiler: R8
# compiler_version: 2.1.86
# min_api: 23
# pg_map_id: 01d83c6
# common_typos_disable
...
androidx.transition.ChangeBounds$2 -> a.p.b$b:
    1:1:void androidx.transition.ChangeBounds$ViewBounds.setTopLeft(android.graphics.PointF):0:0 -> set
    1:1:void set(androidx.transition.ChangeBounds$ViewBounds,android.graphics.PointF):0 -> set
    1:1:void set(java.lang.Object,java.lang.Object):0 -> set
    2:2:void androidx.transition.ChangeBounds$ViewBounds.setLeftTopRightBottom():0:0 -> set
    2:2:void androidx.transition.ChangeBounds$ViewBounds.setTopLeft(android.graphics.PointF):0 -> set
    2:2:void set(androidx.transition.ChangeBounds$ViewBounds,android.graphics.PointF):0 -> set
    2:2:void set(java.lang.Object,java.lang.Object):0 -> set
androidx.transition.ChangeBounds$3 -> a.p.b$c:
    1:1:void androidx.transition.ChangeBounds$ViewBounds.setBottomRight(android.graphics.PointF):0:0 -> set
    1:1:void set(androidx.transition.ChangeBounds$ViewBounds,android.graphics.PointF):0 -> set
    1:1:void set(java.lang.Object,java.lang.Object):0 -> set
    2:2:void androidx.transition.ChangeBounds$ViewBounds.setLeftTopRightBottom():0:0 -> set
    2:2:void androidx.transition.ChangeBounds$ViewBounds.setBottomRight(android.graphics.PointF):0 -> set
    2:2:void set(androidx.transition.ChangeBounds$ViewBounds,android.graphics.PointF):0 -> set
    2:2:void set(java.lang.Object,java.lang.Object):0 -> set
androidx.transition.ChangeBounds$4 -> a.p.b$d:
    1:1:void set(android.view.View,android.graphics.PointF):0:0 -> set
    1:1:void set(java.lang.Object,java.lang.Object):0 -> set
androidx.transition.ChangeBounds$5 -> a.p.b$e:
    1:1:void set(android.view.View,android.graphics.PointF):0:0 -> set
    1:1:void set(java.lang.Object,java.lang.Object):0 -> set
androidx.transition.ChangeBounds$6 -> a.p.b$f:
    1:1:void set(android.view.View,android.graphics.PointF):0:0 -> set
    1:1:void set(java.lang.Object,java.lang.Object):0 -> set
androidx.transition.ChangeBounds$7 -> a.p.b$g:
    androidx.transition.ChangeBounds$ViewBounds val$viewBounds -> a
androidx.transition.ChangeBounds$9 -> a.p.b$h:
    android.view.ViewGroup val$parent -> b
    boolean mCanceled -> a
    void onTransitionCancel(androidx.transition.Transition) -> b
    void onTransitionEnd(androidx.transition.Transition) -> c
    void onTransitionPause(androidx.transition.Transition) -> d
    void onTransitionResume(androidx.transition.Transition) -> e
androidx.transition.ChangeBounds$ViewBounds -> a.p.b$i:
    int mTopLeftCalls -> f
    int mBottomRightCalls -> g
    int mBottom -> d
    int mTop -> b
    android.view.View mView -> e
    int mRight -> c
    int mLeft -> a
androidx.transition.Fade -> a.p.c:
    1:1:void androidx.transition.Visibility.setMode(int):0:0 -> <init>
    1:1:void <init>(int):0 -> <init>
    1:1:void androidx.transition.ViewUtils.saveNonTransitionAlpha(android.view.View):0:0 -> J
    1:1:android.animation.Animator onDisappear(android.view.ViewGroup,android.view.View,androidx.transition.TransitionValues,androidx.transition.TransitionValues):0 -> J
    2:2:float getStartAlpha(androidx.transition.TransitionValues,float):0:0 -> J
    2:2:android.animation.Animator onDisappear(android.view.ViewGroup,android.view.View,androidx.transition.TransitionValues,androidx.transition.TransitionValues):0 -> J
    3:3:android.animation.Animator onDisappear(android.view.ViewGroup,android.view.View,androidx.transition.TransitionValues,androidx.transition.TransitionValues):0:0 -> J
    1:1:void androidx.transition.ViewUtils.setTransitionAlpha(android.view.View,float):0:0 -> K
    1:1:android.animation.Animator createAnimation(android.view.View,float,float):0 -> K
    2:2:android.animation.Animator createAnimation(android.view.View,float,float):0:0 -> K
    1:1:void androidx.transition.Visibility.captureStartValues(androidx.transition.TransitionValues):0:0 -> g
    1:1:void captureStartValues(androidx.transition.TransitionValues):0 -> g
    2:2:void captureStartValues(androidx.transition.TransitionValues):0:0 -> g