app/build/outputs/mapping/release/usage.txt
androidx.core.content.pm.ShortcutInfoCompat$Builder
androidx.appcompat.R$dimen:
    private void <init>()
    public static final int abc_action_bar_content_inset_material
    public static final int abc_action_bar_content_inset_with_nav
    public static final int abc_action_bar_default_height_material
    public static final int abc_action_bar_default_padding_end_material
    public static final int abc_action_bar_default_padding_start_material
    public static final int abc_action_bar_elevation_material
    public static final int abc_action_bar_icon_vertical_padding_material
    public static final int abc_action_bar_overflow_padding_end_material
    public static final int abc_action_bar_overflow_padding_start_material
    public static final int abc_action_bar_subtitle_bottom_margin_material
    public static final int abc_action_bar_subtitle_top_margin_material
    public static final int abc_action_button_min_height_material
    public static final int abc_action_button_min_width_material
    public static final int abc_action_button_min_width_overflow_material
    public static final int abc_alert_dialog_button_bar_height
    public static final int abc_alert_dialog_button_dimen
    public static final int abc_button_inset_horizontal_material
    public static final int abc_button_inset_vertical_material
    public static final int abc_button_padding_horizontal_material
    public static final int abc_button_padding_vertical_material
    public static final int abc_control_corner_material
androidx.appcompat.resources.R$styleable:
    private void <init>()
    public static final int ColorStateListItem_android_color
    public static final int ColorStateListItem_android_alpha
    public static final int ColorStateListItem_alpha
    public static final int FontFamily_fontProviderAuthority
    public static final int FontFamily_fontProviderCerts
    public static final int FontFamily_fontProviderFetchStrategy
    public static final int FontFamily_fontProviderFetchTimeout
    public static final int FontFamily_fontProviderPackage
    public static final int FontFamily_fontProviderQuery
    public static final int FontFamilyFont_android_font
    public static final int FontFamilyFont_android_fontWeight
    public static final int FontFamilyFont_android_fontStyle
    public static final int FontFamilyFont_android_ttcIndex
    public static final int FontFamilyFont_android_fontVariationSettings
    public static final int FontFamilyFont_font
    public static final int FontFamilyFont_fontStyle
    public static final int FontFamilyFont_fontVariationSettings
    public static final int FontFamilyFont_fontWeight
    public static final int FontFamilyFont_ttcIndex
    public static final int GradientColor_android_startColor
    public static final int GradientColor_android_endColor
    public static final int GradientColor_android_type
    public static final int GradientColor_android_centerX
    public static final int GradientColor_android_centerY